*******************************************
Total nodes in the network:  6

(after 6 node insertions)
-------------------------------------------
Pastry Node         
   67520

Leaf Set            
   65592   67395  999999   67734

Routing Table       
       0       0       0       0
   66183   67349   67395   67734
       0   67349   67395   67734
       0       0       0       0

Neighborhood Set    
   65592   67349   67395   67734
-------------------------------------------

-------------------------------------------
Pastry Node         
   66183

Leaf Set            
       0   65592   67395   67349

Routing Table       
       0       0       0       0
   67349   67395   67520   67734
       0       0       0       0
       0       0       0       0

Neighborhood Set    
   65592   67734   66183   66183
-------------------------------------------

-------------------------------------------
Pastry Node         
   67349

Leaf Set            
   65592   66183   67734   67395

Routing Table       
       0       0       0       0
   66183   67395   67520   67734
       0   67395   67520   67734
       0       0       0   67395

Neighborhood Set    
   67734   65592   67349   67349
-------------------------------------------

-------------------------------------------
Pastry Node         
   67395

Leaf Set            
   65592   67349   67734   67520

Routing Table       
       0       0       0       0
   66183   67349   67520   67734
       0   67349   67520   67734
       0       0       0   67349

Neighborhood Set    
   65592   67734   67349   67395
-------------------------------------------

-------------------------------------------
Pastry Node         
   67734

Leaf Set            
   67395   67520  999999  999999

Routing Table       
       0       0       0       0
   66183   67349   67395   67520
       0   67349   67395   67520
       0       0       0       0

Neighborhood Set    
   67349   65592   67734   67734
-------------------------------------------

-------------------------------------------
Pastry Node         
   65592

Leaf Set            
       0       0   67349   66183

Routing Table       
       0       0       0       0
   67734   67349   67395   67520
       0       0       0       0
       0       0       0       0

Neighborhood Set    
   66183   67349   67734   65592
-------------------------------------------

